mode: atomic
github.com/iseebe/evccdb/cmd/evccdb/main.go:25.13,77.42 28 0
github.com/iseebe/evccdb/cmd/evccdb/main.go:77.42,80.3 2 0
github.com/iseebe/evccdb/cmd/evccdb/main.go:83.57,85.16 2 0
github.com/iseebe/evccdb/cmd/evccdb/main.go:85.16,87.3 1 0
github.com/iseebe/evccdb/cmd/evccdb/main.go:88.2,95.18 4 0
github.com/iseebe/evccdb/cmd/evccdb/main.go:95.18,97.30 2 0
github.com/iseebe/evccdb/cmd/evccdb/main.go:97.30,99.4 1 0
github.com/iseebe/evccdb/cmd/evccdb/main.go:102.2,102.13 1 0
github.com/iseebe/evccdb/cmd/evccdb/main.go:102.13,103.51 1 0
github.com/iseebe/evccdb/cmd/evccdb/main.go:103.51,105.4 1 0
github.com/iseebe/evccdb/cmd/evccdb/main.go:108.2,109.16 2 0
github.com/iseebe/evccdb/cmd/evccdb/main.go:109.16,111.3 1 0
github.com/iseebe/evccdb/cmd/evccdb/main.go:112.2,114.60 2 0
github.com/iseebe/evccdb/cmd/evccdb/main.go:114.60,116.3 1 0
github.com/iseebe/evccdb/cmd/evccdb/main.go:118.2,119.12 2 0
github.com/iseebe/evccdb/cmd/evccdb/main.go:122.57,124.16 2 0
github.com/iseebe/evccdb/cmd/evccdb/main.go:124.16,126.3 1 0
github.com/iseebe/evccdb/cmd/evccdb/main.go:127.2,130.16 3 0
github.com/iseebe/evccdb/cmd/evccdb/main.go:130.16,132.3 1 0
github.com/iseebe/evccdb/cmd/evccdb/main.go:133.2,140.18 4 0
github.com/iseebe/evccdb/cmd/evccdb/main.go:140.18,142.30 2 0
github.com/iseebe/evccdb/cmd/evccdb/main.go:142.30,144.4 1 0
github.com/iseebe/evccdb/cmd/evccdb/main.go:147.2,147.13 1 0
github.com/iseebe/evccdb/cmd/evccdb/main.go:147.13,148.51 1 0
github.com/iseebe/evccdb/cmd/evccdb/main.go:148.51,150.4 1 0
github.com/iseebe/evccdb/cmd/evccdb/main.go:153.2,153.60 1 0
github.com/iseebe/evccdb/cmd/evccdb/main.go:153.60,155.3 1 0
github.com/iseebe/evccdb/cmd/evccdb/main.go:157.2,158.12 2 0
github.com/iseebe/evccdb/cmd/evccdb/main.go:161.59,163.16 2 0
github.com/iseebe/evccdb/cmd/evccdb/main.go:163.16,165.3 1 0
github.com/iseebe/evccdb/cmd/evccdb/main.go:166.2,169.16 3 0
github.com/iseebe/evccdb/cmd/evccdb/main.go:169.16,171.3 1 0
github.com/iseebe/evccdb/cmd/evccdb/main.go:172.2,180.18 4 0
github.com/iseebe/evccdb/cmd/evccdb/main.go:180.18,182.30 2 0
github.com/iseebe/evccdb/cmd/evccdb/main.go:182.30,184.4 1 0
github.com/iseebe/evccdb/cmd/evccdb/main.go:187.2,187.13 1 0
github.com/iseebe/evccdb/cmd/evccdb/main.go:187.13,188.51 1 0
github.com/iseebe/evccdb/cmd/evccdb/main.go:188.51,190.4 1 0
github.com/iseebe/evccdb/cmd/evccdb/main.go:193.2,194.61 2 0
github.com/iseebe/evccdb/cmd/evccdb/main.go:194.61,196.3 1 0
github.com/iseebe/evccdb/cmd/evccdb/main.go:198.2,198.12 1 0
github.com/iseebe/evccdb/cmd/evccdb/main.go:198.12,200.3 1 0
github.com/iseebe/evccdb/cmd/evccdb/main.go:200.8,202.3 1 0
github.com/iseebe/evccdb/cmd/evccdb/main.go:203.2,203.12 1 0
github.com/iseebe/evccdb/cmd/evccdb/main.go:206.52,207.17 1 0
github.com/iseebe/evccdb/cmd/evccdb/main.go:208.16,209.31 1 0
github.com/iseebe/evccdb/cmd/evccdb/main.go:210.17,211.32 1 0
github.com/iseebe/evccdb/cmd/evccdb/main.go:212.13,213.28 1 0
github.com/iseebe/evccdb/cmd/evccdb/main.go:214.10,215.31 1 0
github.com/iseebe/evccdb/client.go:17.41,19.16 2 30
github.com/iseebe/evccdb/client.go:19.16,21.3 1 0
github.com/iseebe/evccdb/client.go:24.2,24.34 1 30
github.com/iseebe/evccdb/client.go:24.34,27.3 2 0
github.com/iseebe/evccdb/client.go:29.2,32.8 1 30
github.com/iseebe/evccdb/client.go:36.32,37.17 1 32
github.com/iseebe/evccdb/client.go:37.17,39.3 1 1
github.com/iseebe/evccdb/client.go:40.2,40.21 1 31
github.com/iseebe/evccdb/client.go:44.48,50.16 2 7
github.com/iseebe/evccdb/client.go:50.16,52.3 1 0
github.com/iseebe/evccdb/client.go:53.2,56.18 3 7
github.com/iseebe/evccdb/client.go:56.18,58.42 2 42
github.com/iseebe/evccdb/client.go:58.42,60.4 1 0
github.com/iseebe/evccdb/client.go:61.3,61.32 1 42
github.com/iseebe/evccdb/client.go:64.2,64.27 1 7
github.com/iseebe/evccdb/client.go:68.57,74.16 3 35
github.com/iseebe/evccdb/client.go:74.16,76.3 1 0
github.com/iseebe/evccdb/client.go:77.2,77.23 1 35
github.com/iseebe/evccdb/client.go:90.70,92.16 2 23
github.com/iseebe/evccdb/client.go:92.16,94.3 1 0
github.com/iseebe/evccdb/client.go:95.2,98.18 3 23
github.com/iseebe/evccdb/client.go:98.18,105.85 6 113
github.com/iseebe/evccdb/client.go:105.85,107.4 1 0
github.com/iseebe/evccdb/client.go:109.3,115.5 1 113
github.com/iseebe/evccdb/client.go:118.2,118.28 1 23
github.com/iseebe/evccdb/client.go:122.57,125.16 3 27
github.com/iseebe/evccdb/client.go:125.16,127.3 1 0
github.com/iseebe/evccdb/client.go:128.2,128.19 1 27
github.com/iseebe/evccdb/client.go:132.45,134.2 1 11
github.com/iseebe/evccdb/client.go:137.46,139.2 1 4
github.com/iseebe/evccdb/client.go:142.42,144.2 1 1
github.com/iseebe/evccdb/client.go:147.72,148.26 1 12
github.com/iseebe/evccdb/client.go:148.26,150.3 1 0
github.com/iseebe/evccdb/client.go:152.2,152.19 1 12
github.com/iseebe/evccdb/client.go:153.22,154.34 1 8
github.com/iseebe/evccdb/client.go:155.23,156.35 1 3
github.com/iseebe/evccdb/client.go:157.19,158.31 1 1
github.com/iseebe/evccdb/client.go:159.10,160.65 1 0
github.com/iseebe/evccdb/export.go:13.70,15.16 2 6
github.com/iseebe/evccdb/export.go:15.16,17.3 1 0
github.com/iseebe/evccdb/export.go:19.2,21.31 2 6
github.com/iseebe/evccdb/export.go:21.31,23.17 2 21
github.com/iseebe/evccdb/export.go:23.17,25.4 1 0
github.com/iseebe/evccdb/export.go:26.3,26.14 1 21
github.com/iseebe/evccdb/export.go:26.14,27.12 1 0
github.com/iseebe/evccdb/export.go:30.3,31.17 2 21
github.com/iseebe/evccdb/export.go:31.17,33.4 1 0
github.com/iseebe/evccdb/export.go:34.3,36.29 2 21
github.com/iseebe/evccdb/export.go:36.29,38.4 1 3
github.com/iseebe/evccdb/export.go:41.2,49.31 4 6
github.com/iseebe/evccdb/export.go:53.70,55.16 2 21
github.com/iseebe/evccdb/export.go:55.16,57.3 1 0
github.com/iseebe/evccdb/export.go:58.2,61.16 3 21
github.com/iseebe/evccdb/export.go:61.16,63.3 1 0
github.com/iseebe/evccdb/export.go:65.2,67.18 2 21
github.com/iseebe/evccdb/export.go:67.18,70.26 3 32645
github.com/iseebe/evccdb/export.go:70.26,72.4 1 182751
github.com/iseebe/evccdb/export.go:74.3,74.49 1 32645
github.com/iseebe/evccdb/export.go:74.49,76.4 1 0
github.com/iseebe/evccdb/export.go:78.3,79.31 2 32645
github.com/iseebe/evccdb/export.go:79.31,83.10 4 182751
github.com/iseebe/evccdb/export.go:83.10,85.5 1 0
github.com/iseebe/evccdb/export.go:85.10,87.5 1 182751
github.com/iseebe/evccdb/export.go:88.4,88.18 1 182751
github.com/iseebe/evccdb/export.go:90.3,90.33 1 32645
github.com/iseebe/evccdb/export.go:93.2,93.27 1 21
github.com/iseebe/evccdb/export.go:97.82,99.16 2 4
github.com/iseebe/evccdb/export.go:99.16,101.3 1 0
github.com/iseebe/evccdb/export.go:103.2,104.27 2 4
github.com/iseebe/evccdb/export.go:104.27,106.3 1 18
github.com/iseebe/evccdb/export.go:107.2,107.19 1 4
github.com/iseebe/evccdb/export.go:111.59,112.16 1 474
github.com/iseebe/evccdb/export.go:112.16,114.3 1 6
github.com/iseebe/evccdb/export.go:116.2,116.25 1 468
github.com/iseebe/evccdb/export.go:117.14,120.38 2 456
github.com/iseebe/evccdb/export.go:121.15,122.30 1 12
github.com/iseebe/evccdb/export.go:123.11,124.30 1 0
github.com/iseebe/evccdb/export.go:125.12,126.8 1 0
github.com/iseebe/evccdb/export.go:126.8,128.4 1 0
github.com/iseebe/evccdb/export.go:129.3,129.13 1 0
github.com/iseebe/evccdb/export.go:130.10,131.16 1 0
github.com/iseebe/evccdb/export.go:136.33,138.2 1 456
github.com/iseebe/evccdb/export.go:141.97,145.28 3 0
github.com/iseebe/evccdb/export.go:145.28,149.3 3 0
github.com/iseebe/evccdb/export.go:151.2,152.31 2 0
github.com/iseebe/evccdb/export.go:152.31,154.3 1 0
github.com/iseebe/evccdb/export.go:156.2,157.31 2 0
github.com/iseebe/evccdb/export.go:157.31,159.3 1 0
github.com/iseebe/evccdb/export.go:161.2,161.89 1 0
github.com/iseebe/evccdb/export.go:165.86,167.40 2 0
github.com/iseebe/evccdb/export.go:167.40,169.3 1 0
github.com/iseebe/evccdb/export.go:170.2,173.18 3 0
github.com/iseebe/evccdb/export.go:173.18,175.49 2 0
github.com/iseebe/evccdb/export.go:175.49,177.4 1 0
github.com/iseebe/evccdb/export.go:178.3,178.24 1 0
github.com/iseebe/evccdb/export.go:180.2,180.29 1 0
github.com/iseebe/evccdb/import.go:12.70,14.59 2 2
github.com/iseebe/evccdb/import.go:14.59,16.3 1 0
github.com/iseebe/evccdb/import.go:18.2,18.27 1 2
github.com/iseebe/evccdb/import.go:18.27,20.3 1 0
github.com/iseebe/evccdb/import.go:22.2,24.16 3 2
github.com/iseebe/evccdb/import.go:24.16,26.3 1 0
github.com/iseebe/evccdb/import.go:27.2,31.26 3 2
github.com/iseebe/evccdb/import.go:31.26,33.3 1 0
github.com/iseebe/evccdb/import.go:33.8,34.20 1 2
github.com/iseebe/evccdb/import.go:35.23,36.40 1 2
github.com/iseebe/evccdb/import.go:37.24,38.41 1 0
github.com/iseebe/evccdb/import.go:39.20,40.37 1 0
github.com/iseebe/evccdb/import.go:40.37,42.5 1 0
github.com/iseebe/evccdb/import.go:43.11,44.61 1 0
github.com/iseebe/evccdb/import.go:48.2,48.39 1 2
github.com/iseebe/evccdb/import.go:48.39,50.14 2 6
github.com/iseebe/evccdb/import.go:50.14,51.12 1 0
github.com/iseebe/evccdb/import.go:54.3,55.10 2 6
github.com/iseebe/evccdb/import.go:55.10,56.12 1 2
github.com/iseebe/evccdb/import.go:59.3,60.17 2 4
github.com/iseebe/evccdb/import.go:60.17,62.4 1 0
github.com/iseebe/evccdb/import.go:64.3,64.29 1 4
github.com/iseebe/evccdb/import.go:64.29,66.4 1 0
github.com/iseebe/evccdb/import.go:69.2,69.20 1 2
github.com/iseebe/evccdb/import.go:73.178,76.16 2 4
github.com/iseebe/evccdb/import.go:76.16,78.3 1 0
github.com/iseebe/evccdb/import.go:80.2,81.31 2 4
github.com/iseebe/evccdb/import.go:81.31,83.10 2 222
github.com/iseebe/evccdb/import.go:83.10,84.12 1 0
github.com/iseebe/evccdb/import.go:88.3,89.32 2 222
github.com/iseebe/evccdb/import.go:89.32,90.45 1 474
github.com/iseebe/evccdb/import.go:90.45,92.5 1 474
github.com/iseebe/evccdb/import.go:95.3,95.28 1 222
github.com/iseebe/evccdb/import.go:95.28,96.12 1 0
github.com/iseebe/evccdb/import.go:100.3,101.53 2 222
github.com/iseebe/evccdb/import.go:101.53,103.4 1 0
github.com/iseebe/evccdb/import.go:105.3,105.10 1 222
github.com/iseebe/evccdb/import.go:108.2,108.19 1 4
github.com/iseebe/evccdb/import.go:112.108,116.28 3 222
github.com/iseebe/evccdb/import.go:116.28,120.3 3 474
github.com/iseebe/evccdb/import.go:122.2,123.31 2 222
github.com/iseebe/evccdb/import.go:123.31,125.3 1 252
github.com/iseebe/evccdb/import.go:126.2,129.31 3 222
github.com/iseebe/evccdb/import.go:129.31,131.3 1 252
github.com/iseebe/evccdb/import.go:132.2,134.89 2 222
github.com/iseebe/evccdb/transfer.go:11.82,13.16 2 4
github.com/iseebe/evccdb/transfer.go:13.16,15.3 1 0
github.com/iseebe/evccdb/transfer.go:17.2,17.17 1 4
github.com/iseebe/evccdb/transfer.go:17.17,19.32 2 1
github.com/iseebe/evccdb/transfer.go:19.32,21.18 2 3
github.com/iseebe/evccdb/transfer.go:21.18,23.5 1 0
github.com/iseebe/evccdb/transfer.go:24.4,24.15 1 3
github.com/iseebe/evccdb/transfer.go:24.15,26.13 2 0
github.com/iseebe/evccdb/transfer.go:29.4,30.18 2 3
github.com/iseebe/evccdb/transfer.go:30.18,32.5 1 0
github.com/iseebe/evccdb/transfer.go:33.4,33.47 1 3
github.com/iseebe/evccdb/transfer.go:35.3,35.13 1 1
github.com/iseebe/evccdb/transfer.go:39.2,40.16 2 3
github.com/iseebe/evccdb/transfer.go:40.16,42.3 1 0
github.com/iseebe/evccdb/transfer.go:43.2,45.31 2 3
github.com/iseebe/evccdb/transfer.go:45.31,47.17 2 9
github.com/iseebe/evccdb/transfer.go:47.17,49.4 1 0
github.com/iseebe/evccdb/transfer.go:50.3,50.14 1 9
github.com/iseebe/evccdb/transfer.go:50.14,52.12 2 0
github.com/iseebe/evccdb/transfer.go:55.3,56.17 2 9
github.com/iseebe/evccdb/transfer.go:56.17,58.4 1 0
github.com/iseebe/evccdb/transfer.go:60.3,60.29 1 9
github.com/iseebe/evccdb/transfer.go:60.29,62.4 1 0
github.com/iseebe/evccdb/transfer.go:65.2,65.20 1 3
github.com/iseebe/evccdb/transfer.go:69.170,72.16 2 9
github.com/iseebe/evccdb/transfer.go:72.16,74.3 1 0
github.com/iseebe/evccdb/transfer.go:76.2,77.16 2 9
github.com/iseebe/evccdb/transfer.go:77.16,79.3 1 0
github.com/iseebe/evccdb/transfer.go:82.2,83.26 2 9
github.com/iseebe/evccdb/transfer.go:83.26,85.3 1 0
github.com/iseebe/evccdb/transfer.go:88.2,89.30 2 9
github.com/iseebe/evccdb/transfer.go:89.30,91.3 1 46
github.com/iseebe/evccdb/transfer.go:92.2,93.30 2 9
github.com/iseebe/evccdb/transfer.go:93.30,95.3 1 47
github.com/iseebe/evccdb/transfer.go:97.2,97.30 1 9
github.com/iseebe/evccdb/transfer.go:97.30,98.27 1 46
github.com/iseebe/evccdb/transfer.go:98.27,100.4 1 0
github.com/iseebe/evccdb/transfer.go:104.2,105.16 2 9
github.com/iseebe/evccdb/transfer.go:105.16,107.3 1 0
github.com/iseebe/evccdb/transfer.go:109.2,109.16 1 9
github.com/iseebe/evccdb/transfer.go:109.16,111.3 1 3
github.com/iseebe/evccdb/transfer.go:114.2,116.33 3 6
github.com/iseebe/evccdb/transfer.go:116.33,119.3 2 36
github.com/iseebe/evccdb/transfer.go:122.2,123.16 2 6
github.com/iseebe/evccdb/transfer.go:123.16,125.3 1 0
github.com/iseebe/evccdb/transfer.go:126.2,129.21 3 6
github.com/iseebe/evccdb/transfer.go:129.21,132.27 3 16267
github.com/iseebe/evccdb/transfer.go:132.27,134.4 1 91257
github.com/iseebe/evccdb/transfer.go:136.3,136.51 1 16267
github.com/iseebe/evccdb/transfer.go:136.51,138.4 1 0
github.com/iseebe/evccdb/transfer.go:141.3,142.31 2 16267
github.com/iseebe/evccdb/transfer.go:142.31,144.4 1 91257
github.com/iseebe/evccdb/transfer.go:146.3,150.17 3 16267
github.com/iseebe/evccdb/transfer.go:150.17,152.4 1 0
github.com/iseebe/evccdb/transfer.go:154.3,154.11 1 16267
github.com/iseebe/evccdb/transfer.go:157.2,157.30 1 6
github.com/iseebe/evccdb/transfer.go:161.59,163.26 2 12
github.com/iseebe/evccdb/transfer.go:163.26,165.3 1 54
github.com/iseebe/evccdb/transfer.go:167.2,168.26 2 12
github.com/iseebe/evccdb/transfer.go:168.26,169.44 1 53
github.com/iseebe/evccdb/transfer.go:169.44,171.4 1 52
github.com/iseebe/evccdb/transfer.go:173.2,173.15 1 12
github.com/iseebe/evccdb/transfer.go:177.61,180.31 2 1
github.com/iseebe/evccdb/transfer.go:180.31,182.3 1 2
github.com/iseebe/evccdb/transfer.go:183.2,187.31 3 1
github.com/iseebe/evccdb/transfer.go:187.31,189.3 1 2
github.com/iseebe/evccdb/transfer.go:190.2,192.117 2 1
github.com/iseebe/evccdb/transfer.go:196.88,198.16 2 0
github.com/iseebe/evccdb/transfer.go:198.16,200.3 1 0
github.com/iseebe/evccdb/transfer.go:201.2,203.31 2 0
github.com/iseebe/evccdb/transfer.go:203.31,205.17 2 0
github.com/iseebe/evccdb/transfer.go:205.17,207.4 1 0
github.com/iseebe/evccdb/transfer.go:210.2,210.20 1 0
