mode: atomic
github.com/iseeberg79/evccdb/cmd/evccdb/main.go:32.13,117.42 45 0
github.com/iseeberg79/evccdb/cmd/evccdb/main.go:117.42,120.3 2 0
github.com/iseeberg79/evccdb/cmd/evccdb/main.go:123.57,125.16 2 0
github.com/iseeberg79/evccdb/cmd/evccdb/main.go:125.16,127.3 1 0
github.com/iseeberg79/evccdb/cmd/evccdb/main.go:128.2,128.15 1 0
github.com/iseeberg79/evccdb/cmd/evccdb/main.go:128.15,128.37 1 0
github.com/iseeberg79/evccdb/cmd/evccdb/main.go:130.2,135.18 3 0
github.com/iseeberg79/evccdb/cmd/evccdb/main.go:135.18,137.30 2 0
github.com/iseeberg79/evccdb/cmd/evccdb/main.go:137.30,139.4 1 0
github.com/iseeberg79/evccdb/cmd/evccdb/main.go:142.2,142.13 1 0
github.com/iseeberg79/evccdb/cmd/evccdb/main.go:142.13,143.51 1 0
github.com/iseeberg79/evccdb/cmd/evccdb/main.go:143.51,145.4 1 0
github.com/iseeberg79/evccdb/cmd/evccdb/main.go:148.2,149.16 2 0
github.com/iseeberg79/evccdb/cmd/evccdb/main.go:149.16,151.3 1 0
github.com/iseeberg79/evccdb/cmd/evccdb/main.go:152.2,152.15 1 0
github.com/iseeberg79/evccdb/cmd/evccdb/main.go:152.15,152.41 1 0
github.com/iseeberg79/evccdb/cmd/evccdb/main.go:154.2,154.60 1 0
github.com/iseeberg79/evccdb/cmd/evccdb/main.go:154.60,156.3 1 0
github.com/iseeberg79/evccdb/cmd/evccdb/main.go:158.2,159.12 2 0
github.com/iseeberg79/evccdb/cmd/evccdb/main.go:162.57,164.16 2 0
github.com/iseeberg79/evccdb/cmd/evccdb/main.go:164.16,166.3 1 0
github.com/iseeberg79/evccdb/cmd/evccdb/main.go:167.2,167.15 1 0
github.com/iseeberg79/evccdb/cmd/evccdb/main.go:167.15,167.41 1 0
github.com/iseeberg79/evccdb/cmd/evccdb/main.go:169.2,170.16 2 0
github.com/iseeberg79/evccdb/cmd/evccdb/main.go:170.16,172.3 1 0
github.com/iseeberg79/evccdb/cmd/evccdb/main.go:173.2,173.15 1 0
github.com/iseeberg79/evccdb/cmd/evccdb/main.go:173.15,173.37 1 0
github.com/iseeberg79/evccdb/cmd/evccdb/main.go:175.2,180.18 3 0
github.com/iseeberg79/evccdb/cmd/evccdb/main.go:180.18,182.30 2 0
github.com/iseeberg79/evccdb/cmd/evccdb/main.go:182.30,184.4 1 0
github.com/iseeberg79/evccdb/cmd/evccdb/main.go:187.2,187.13 1 0
github.com/iseeberg79/evccdb/cmd/evccdb/main.go:187.13,188.51 1 0
github.com/iseeberg79/evccdb/cmd/evccdb/main.go:188.51,190.4 1 0
github.com/iseeberg79/evccdb/cmd/evccdb/main.go:193.2,193.60 1 0
github.com/iseeberg79/evccdb/cmd/evccdb/main.go:193.60,195.3 1 0
github.com/iseeberg79/evccdb/cmd/evccdb/main.go:197.2,198.12 2 0
github.com/iseeberg79/evccdb/cmd/evccdb/main.go:201.59,203.16 2 0
github.com/iseeberg79/evccdb/cmd/evccdb/main.go:203.16,205.3 1 0
github.com/iseeberg79/evccdb/cmd/evccdb/main.go:206.2,206.15 1 0
github.com/iseeberg79/evccdb/cmd/evccdb/main.go:206.15,206.34 1 0
github.com/iseeberg79/evccdb/cmd/evccdb/main.go:208.2,209.16 2 0
github.com/iseeberg79/evccdb/cmd/evccdb/main.go:209.16,211.3 1 0
github.com/iseeberg79/evccdb/cmd/evccdb/main.go:212.2,212.15 1 0
github.com/iseeberg79/evccdb/cmd/evccdb/main.go:212.15,212.34 1 0
github.com/iseeberg79/evccdb/cmd/evccdb/main.go:214.2,220.18 3 0
github.com/iseeberg79/evccdb/cmd/evccdb/main.go:220.18,222.30 2 0
github.com/iseeberg79/evccdb/cmd/evccdb/main.go:222.30,224.4 1 0
github.com/iseeberg79/evccdb/cmd/evccdb/main.go:228.2,228.28 1 0
github.com/iseeberg79/evccdb/cmd/evccdb/main.go:228.28,230.17 2 0
github.com/iseeberg79/evccdb/cmd/evccdb/main.go:230.17,232.4 1 0
github.com/iseeberg79/evccdb/cmd/evccdb/main.go:233.3,233.34 1 0
github.com/iseeberg79/evccdb/cmd/evccdb/main.go:237.2,237.26 1 0
github.com/iseeberg79/evccdb/cmd/evccdb/main.go:237.26,239.17 2 0
github.com/iseeberg79/evccdb/cmd/evccdb/main.go:239.17,241.4 1 0
github.com/iseeberg79/evccdb/cmd/evccdb/main.go:242.3,242.32 1 0
github.com/iseeberg79/evccdb/cmd/evccdb/main.go:245.2,245.13 1 0
github.com/iseeberg79/evccdb/cmd/evccdb/main.go:245.13,246.51 1 0
github.com/iseeberg79/evccdb/cmd/evccdb/main.go:246.51,248.4 1 0
github.com/iseeberg79/evccdb/cmd/evccdb/main.go:251.2,252.61 2 0
github.com/iseeberg79/evccdb/cmd/evccdb/main.go:252.61,254.3 1 0
github.com/iseeberg79/evccdb/cmd/evccdb/main.go:256.2,256.12 1 0
github.com/iseeberg79/evccdb/cmd/evccdb/main.go:256.12,258.3 1 0
github.com/iseeberg79/evccdb/cmd/evccdb/main.go:258.8,260.3 1 0
github.com/iseeberg79/evccdb/cmd/evccdb/main.go:261.2,261.12 1 0
github.com/iseeberg79/evccdb/cmd/evccdb/main.go:264.57,266.16 2 0
github.com/iseeberg79/evccdb/cmd/evccdb/main.go:266.16,268.3 1 0
github.com/iseeberg79/evccdb/cmd/evccdb/main.go:269.2,269.15 1 0
github.com/iseeberg79/evccdb/cmd/evccdb/main.go:269.15,269.37 1 0
github.com/iseeberg79/evccdb/cmd/evccdb/main.go:271.2,274.28 2 0
github.com/iseeberg79/evccdb/cmd/evccdb/main.go:274.28,276.17 2 0
github.com/iseeberg79/evccdb/cmd/evccdb/main.go:276.17,278.4 1 0
github.com/iseeberg79/evccdb/cmd/evccdb/main.go:280.3,280.34 1 0
github.com/iseeberg79/evccdb/cmd/evccdb/main.go:280.34,281.14 1 0
github.com/iseeberg79/evccdb/cmd/evccdb/main.go:281.14,283.19 2 0
github.com/iseeberg79/evccdb/cmd/evccdb/main.go:283.19,285.6 1 0
github.com/iseeberg79/evccdb/cmd/evccdb/main.go:286.5,287.87 1 0
github.com/iseeberg79/evccdb/cmd/evccdb/main.go:288.10,290.19 2 0
github.com/iseeberg79/evccdb/cmd/evccdb/main.go:290.19,292.6 1 0
github.com/iseeberg79/evccdb/cmd/evccdb/main.go:293.5,293.16 1 0
github.com/iseeberg79/evccdb/cmd/evccdb/main.go:293.16,296.6 1 0
github.com/iseeberg79/evccdb/cmd/evccdb/main.go:302.2,302.26 1 0
github.com/iseeberg79/evccdb/cmd/evccdb/main.go:302.26,304.17 2 0
github.com/iseeberg79/evccdb/cmd/evccdb/main.go:304.17,306.4 1 0
github.com/iseeberg79/evccdb/cmd/evccdb/main.go:308.3,308.34 1 0
github.com/iseeberg79/evccdb/cmd/evccdb/main.go:308.34,309.14 1 0
github.com/iseeberg79/evccdb/cmd/evccdb/main.go:309.14,311.19 2 0
github.com/iseeberg79/evccdb/cmd/evccdb/main.go:311.19,313.6 1 0
github.com/iseeberg79/evccdb/cmd/evccdb/main.go:314.5,315.87 1 0
github.com/iseeberg79/evccdb/cmd/evccdb/main.go:316.10,318.19 2 0
github.com/iseeberg79/evccdb/cmd/evccdb/main.go:318.19,320.6 1 0
github.com/iseeberg79/evccdb/cmd/evccdb/main.go:321.5,321.16 1 0
github.com/iseeberg79/evccdb/cmd/evccdb/main.go:321.16,324.6 1 0
github.com/iseeberg79/evccdb/cmd/evccdb/main.go:329.2,329.12 1 0
github.com/iseeberg79/evccdb/cmd/evccdb/main.go:329.12,331.3 1 0
github.com/iseeberg79/evccdb/cmd/evccdb/main.go:331.8,333.3 1 0
github.com/iseeberg79/evccdb/cmd/evccdb/main.go:334.2,334.12 1 0
github.com/iseeberg79/evccdb/cmd/evccdb/main.go:338.61,339.13 1 0
github.com/iseeberg79/evccdb/cmd/evccdb/main.go:339.13,341.3 1 0
github.com/iseeberg79/evccdb/cmd/evccdb/main.go:343.2,344.45 2 0
github.com/iseeberg79/evccdb/cmd/evccdb/main.go:344.45,346.17 2 0
github.com/iseeberg79/evccdb/cmd/evccdb/main.go:346.17,347.12 1 0
github.com/iseeberg79/evccdb/cmd/evccdb/main.go:350.3,351.22 2 0
github.com/iseeberg79/evccdb/cmd/evccdb/main.go:351.22,353.4 1 0
github.com/iseeberg79/evccdb/cmd/evccdb/main.go:355.3,357.37 3 0
github.com/iseeberg79/evccdb/cmd/evccdb/main.go:357.37,359.4 1 0
github.com/iseeberg79/evccdb/cmd/evccdb/main.go:361.3,364.5 1 0
github.com/iseeberg79/evccdb/cmd/evccdb/main.go:367.2,367.21 1 0
github.com/iseeberg79/evccdb/cmd/evccdb/main.go:370.57,371.52 1 0
github.com/iseeberg79/evccdb/cmd/evccdb/main.go:371.52,373.3 1 0
github.com/iseeberg79/evccdb/cmd/evccdb/main.go:376.2,376.27 1 0
github.com/iseeberg79/evccdb/cmd/evccdb/main.go:376.27,381.23 5 0
github.com/iseeberg79/evccdb/cmd/evccdb/main.go:381.23,384.4 2 0
github.com/iseeberg79/evccdb/cmd/evccdb/main.go:387.2,388.16 2 0
github.com/iseeberg79/evccdb/cmd/evccdb/main.go:388.16,390.3 1 0
github.com/iseeberg79/evccdb/cmd/evccdb/main.go:391.2,391.15 1 0
github.com/iseeberg79/evccdb/cmd/evccdb/main.go:391.15,391.37 1 0
github.com/iseeberg79/evccdb/cmd/evccdb/main.go:392.2,395.28 2 0
github.com/iseeberg79/evccdb/cmd/evccdb/main.go:395.28,397.30 2 0
github.com/iseeberg79/evccdb/cmd/evccdb/main.go:397.30,398.14 1 0
github.com/iseeberg79/evccdb/cmd/evccdb/main.go:398.14,400.19 2 0
github.com/iseeberg79/evccdb/cmd/evccdb/main.go:400.19,402.6 1 0
github.com/iseeberg79/evccdb/cmd/evccdb/main.go:403.5,403.75 1 0
github.com/iseeberg79/evccdb/cmd/evccdb/main.go:404.10,406.19 2 0
github.com/iseeberg79/evccdb/cmd/evccdb/main.go:406.19,408.6 1 0
github.com/iseeberg79/evccdb/cmd/evccdb/main.go:409.5,409.70 1 0
github.com/iseeberg79/evccdb/cmd/evccdb/main.go:415.2,415.26 1 0
github.com/iseeberg79/evccdb/cmd/evccdb/main.go:415.26,417.30 2 0
github.com/iseeberg79/evccdb/cmd/evccdb/main.go:417.30,418.14 1 0
github.com/iseeberg79/evccdb/cmd/evccdb/main.go:418.14,420.19 2 0
github.com/iseeberg79/evccdb/cmd/evccdb/main.go:420.19,422.6 1 0
github.com/iseeberg79/evccdb/cmd/evccdb/main.go:423.5,423.73 1 0
github.com/iseeberg79/evccdb/cmd/evccdb/main.go:424.10,426.19 2 0
github.com/iseeberg79/evccdb/cmd/evccdb/main.go:426.19,428.6 1 0
github.com/iseeberg79/evccdb/cmd/evccdb/main.go:429.5,429.68 1 0
github.com/iseeberg79/evccdb/cmd/evccdb/main.go:434.2,434.12 1 0
github.com/iseeberg79/evccdb/cmd/evccdb/main.go:434.12,436.3 1 0
github.com/iseeberg79/evccdb/cmd/evccdb/main.go:436.8,438.3 1 0
github.com/iseeberg79/evccdb/cmd/evccdb/main.go:439.2,439.12 1 0
github.com/iseeberg79/evccdb/cmd/evccdb/main.go:443.36,445.45 2 0
github.com/iseeberg79/evccdb/cmd/evccdb/main.go:445.45,447.17 2 0
github.com/iseeberg79/evccdb/cmd/evccdb/main.go:447.17,449.4 1 0
github.com/iseeberg79/evccdb/cmd/evccdb/main.go:451.2,451.14 1 0
github.com/iseeberg79/evccdb/cmd/evccdb/main.go:454.52,455.17 1 0
github.com/iseeberg79/evccdb/cmd/evccdb/main.go:456.16,457.31 1 0
github.com/iseeberg79/evccdb/cmd/evccdb/main.go:458.17,459.32 1 0
github.com/iseeberg79/evccdb/cmd/evccdb/main.go:460.13,461.28 1 0
github.com/iseeberg79/evccdb/cmd/evccdb/main.go:462.10,463.31 1 0
github.com/iseeberg79/evccdb/client.go:14.44,15.40 1 4
github.com/iseeberg79/evccdb/client.go:15.40,17.3 1 1
github.com/iseeberg79/evccdb/client.go:18.2,18.12 1 3
github.com/iseeberg79/evccdb/client.go:28.41,30.16 2 41
github.com/iseeberg79/evccdb/client.go:30.16,32.3 1 0
github.com/iseeberg79/evccdb/client.go:35.2,35.34 1 41
github.com/iseeberg79/evccdb/client.go:35.34,38.3 2 0
github.com/iseeberg79/evccdb/client.go:40.2,43.8 1 41
github.com/iseeberg79/evccdb/client.go:47.32,48.17 1 43
github.com/iseeberg79/evccdb/client.go:48.17,50.3 1 1
github.com/iseeberg79/evccdb/client.go:51.2,51.21 1 42
github.com/iseeberg79/evccdb/client.go:55.48,61.16 2 1
github.com/iseeberg79/evccdb/client.go:61.16,63.3 1 0
github.com/iseeberg79/evccdb/client.go:64.2,64.15 1 1
github.com/iseeberg79/evccdb/client.go:64.15,64.35 1 1
github.com/iseeberg79/evccdb/client.go:66.2,67.18 2 1
github.com/iseeberg79/evccdb/client.go:67.18,69.42 2 6
github.com/iseeberg79/evccdb/client.go:69.42,71.4 1 0
github.com/iseeberg79/evccdb/client.go:72.3,72.32 1 6
github.com/iseeberg79/evccdb/client.go:75.2,75.27 1 1
github.com/iseeberg79/evccdb/client.go:79.57,85.16 3 41
github.com/iseeberg79/evccdb/client.go:85.16,87.3 1 0
github.com/iseeberg79/evccdb/client.go:88.2,88.23 1 41
github.com/iseeberg79/evccdb/client.go:101.70,103.16 2 35
github.com/iseeberg79/evccdb/client.go:103.16,105.3 1 0
github.com/iseeberg79/evccdb/client.go:106.2,106.15 1 35
github.com/iseeberg79/evccdb/client.go:106.15,106.35 1 35
github.com/iseeberg79/evccdb/client.go:108.2,109.18 2 35
github.com/iseeberg79/evccdb/client.go:109.18,116.85 6 183
github.com/iseeberg79/evccdb/client.go:116.85,118.4 1 0
github.com/iseeberg79/evccdb/client.go:120.3,126.5 1 183
github.com/iseeberg79/evccdb/client.go:129.2,129.28 1 35
github.com/iseeberg79/evccdb/client.go:133.57,136.16 3 33
github.com/iseeberg79/evccdb/client.go:136.16,138.3 1 0
github.com/iseeberg79/evccdb/client.go:139.2,139.19 1 33
github.com/iseeberg79/evccdb/client.go:143.45,145.2 1 12
github.com/iseeberg79/evccdb/client.go:148.46,150.2 1 5
github.com/iseeberg79/evccdb/client.go:153.42,155.2 1 2
github.com/iseeberg79/evccdb/client.go:158.72,159.26 1 15
github.com/iseeberg79/evccdb/client.go:159.26,160.33 1 2
github.com/iseeberg79/evccdb/client.go:160.33,161.48 1 4
github.com/iseeberg79/evccdb/client.go:161.48,163.5 1 1
github.com/iseeberg79/evccdb/client.go:165.3,165.26 1 1
github.com/iseeberg79/evccdb/client.go:168.2,168.19 1 13
github.com/iseeberg79/evccdb/client.go:169.22,170.34 1 8
github.com/iseeberg79/evccdb/client.go:171.23,172.35 1 3
github.com/iseeberg79/evccdb/client.go:173.19,174.31 1 2
github.com/iseeberg79/evccdb/client.go:175.10,176.65 1 0
github.com/iseeberg79/evccdb/export.go:12.70,14.16 2 6
github.com/iseeberg79/evccdb/export.go:14.16,16.3 1 0
github.com/iseeberg79/evccdb/export.go:18.2,20.31 2 6
github.com/iseeberg79/evccdb/export.go:20.31,22.17 2 21
github.com/iseeberg79/evccdb/export.go:22.17,24.4 1 0
github.com/iseeberg79/evccdb/export.go:25.3,25.14 1 21
github.com/iseeberg79/evccdb/export.go:25.14,26.12 1 0
github.com/iseeberg79/evccdb/export.go:29.3,30.17 2 21
github.com/iseeberg79/evccdb/export.go:30.17,32.4 1 0
github.com/iseeberg79/evccdb/export.go:33.3,35.29 2 21
github.com/iseeberg79/evccdb/export.go:35.29,37.4 1 3
github.com/iseeberg79/evccdb/export.go:40.2,48.31 4 6
github.com/iseeberg79/evccdb/export.go:52.70,54.16 2 21
github.com/iseeberg79/evccdb/export.go:54.16,56.3 1 0
github.com/iseeberg79/evccdb/export.go:57.2,57.15 1 21
github.com/iseeberg79/evccdb/export.go:57.15,57.35 1 21
github.com/iseeberg79/evccdb/export.go:59.2,60.16 2 21
github.com/iseeberg79/evccdb/export.go:60.16,62.3 1 0
github.com/iseeberg79/evccdb/export.go:64.2,66.18 2 21
github.com/iseeberg79/evccdb/export.go:66.18,69.26 3 50
github.com/iseeberg79/evccdb/export.go:69.26,71.4 1 280
github.com/iseeberg79/evccdb/export.go:73.3,73.49 1 50
github.com/iseeberg79/evccdb/export.go:73.49,75.4 1 0
github.com/iseeberg79/evccdb/export.go:77.3,78.31 2 50
github.com/iseeberg79/evccdb/export.go:78.31,82.10 4 280
github.com/iseeberg79/evccdb/export.go:82.10,84.5 1 0
github.com/iseeberg79/evccdb/export.go:84.10,86.5 1 280
github.com/iseeberg79/evccdb/export.go:87.4,87.18 1 280
github.com/iseeberg79/evccdb/export.go:89.3,89.33 1 50
github.com/iseeberg79/evccdb/export.go:92.2,92.27 1 21
github.com/iseeberg79/evccdb/export.go:96.82,98.16 2 4
github.com/iseeberg79/evccdb/export.go:98.16,100.3 1 0
github.com/iseeberg79/evccdb/export.go:102.2,103.27 2 4
github.com/iseeberg79/evccdb/export.go:103.27,105.3 1 18
github.com/iseeberg79/evccdb/export.go:106.2,106.19 1 4
github.com/iseeberg79/evccdb/export.go:110.50,111.16 1 58
github.com/iseeberg79/evccdb/export.go:111.16,113.3 1 13
github.com/iseeberg79/evccdb/export.go:115.2,115.25 1 45
github.com/iseeberg79/evccdb/export.go:116.14,119.38 2 33
github.com/iseeberg79/evccdb/export.go:120.15,121.30 1 9
github.com/iseeberg79/evccdb/export.go:122.11,123.30 1 1
github.com/iseeberg79/evccdb/export.go:124.12,125.8 1 2
github.com/iseeberg79/evccdb/export.go:125.8,127.4 1 1
github.com/iseeberg79/evccdb/export.go:128.3,128.13 1 1
github.com/iseeberg79/evccdb/export.go:129.10,130.16 1 0
github.com/iseeberg79/evccdb/export.go:135.33,137.2 1 36
github.com/iseeberg79/evccdb/import.go:12.70,14.59 2 2
github.com/iseeberg79/evccdb/import.go:14.59,16.3 1 0
github.com/iseeberg79/evccdb/import.go:18.2,18.27 1 2
github.com/iseeberg79/evccdb/import.go:18.27,20.3 1 0
github.com/iseeberg79/evccdb/import.go:22.2,24.16 3 2
github.com/iseeberg79/evccdb/import.go:24.16,26.3 1 0
github.com/iseeberg79/evccdb/import.go:27.2,27.15 1 2
github.com/iseeberg79/evccdb/import.go:27.15,27.36 1 2
github.com/iseeberg79/evccdb/import.go:30.2,31.26 2 2
github.com/iseeberg79/evccdb/import.go:31.26,33.3 1 0
github.com/iseeberg79/evccdb/import.go:33.8,34.20 1 2
github.com/iseeberg79/evccdb/import.go:35.23,36.40 1 2
github.com/iseeberg79/evccdb/import.go:37.24,38.41 1 0
github.com/iseeberg79/evccdb/import.go:39.20,40.37 1 0
github.com/iseeberg79/evccdb/import.go:40.37,42.5 1 0
github.com/iseeberg79/evccdb/import.go:43.11,44.61 1 0
github.com/iseeberg79/evccdb/import.go:48.2,48.39 1 2
github.com/iseeberg79/evccdb/import.go:48.39,50.14 2 6
github.com/iseeberg79/evccdb/import.go:50.14,51.12 1 0
github.com/iseeberg79/evccdb/import.go:54.3,55.10 2 6
github.com/iseeberg79/evccdb/import.go:55.10,56.12 1 2
github.com/iseeberg79/evccdb/import.go:59.3,60.17 2 4
github.com/iseeberg79/evccdb/import.go:60.17,62.4 1 0
github.com/iseeberg79/evccdb/import.go:64.3,64.29 1 4
github.com/iseeberg79/evccdb/import.go:64.29,66.4 1 0
github.com/iseeberg79/evccdb/import.go:69.2,69.20 1 2
github.com/iseeberg79/evccdb/import.go:75.43,78.16 2 4
github.com/iseeberg79/evccdb/import.go:78.16,80.3 1 0
github.com/iseeberg79/evccdb/import.go:82.2,83.31 2 4
github.com/iseeberg79/evccdb/import.go:83.31,85.10 2 16
github.com/iseeberg79/evccdb/import.go:85.10,86.12 1 0
github.com/iseeberg79/evccdb/import.go:90.3,91.32 2 16
github.com/iseeberg79/evccdb/import.go:91.32,92.45 1 52
github.com/iseeberg79/evccdb/import.go:92.45,94.5 1 52
github.com/iseeberg79/evccdb/import.go:97.3,97.28 1 16
github.com/iseeberg79/evccdb/import.go:97.28,98.12 1 0
github.com/iseeberg79/evccdb/import.go:102.3,103.53 2 16
github.com/iseeberg79/evccdb/import.go:103.53,105.4 1 0
github.com/iseeberg79/evccdb/import.go:107.3,107.10 1 16
github.com/iseeberg79/evccdb/import.go:110.2,110.19 1 4
github.com/iseeberg79/evccdb/import.go:114.108,118.28 3 16
github.com/iseeberg79/evccdb/import.go:118.28,122.3 3 52
github.com/iseeberg79/evccdb/import.go:124.2,125.31 2 16
github.com/iseeberg79/evccdb/import.go:125.31,127.3 1 36
github.com/iseeberg79/evccdb/import.go:128.2,131.31 3 16
github.com/iseeberg79/evccdb/import.go:131.31,133.3 1 36
github.com/iseeberg79/evccdb/import.go:134.2,136.89 2 16
github.com/iseeberg79/evccdb/rename.go:19.102,23.16 3 7
github.com/iseeberg79/evccdb/rename.go:23.16,25.3 1 0
github.com/iseeberg79/evccdb/rename.go:26.2,26.15 1 7
github.com/iseeberg79/evccdb/rename.go:26.15,26.36 1 7
github.com/iseeberg79/evccdb/rename.go:29.2,30.16 2 7
github.com/iseeberg79/evccdb/rename.go:30.16,32.3 1 0
github.com/iseeberg79/evccdb/rename.go:33.2,37.16 3 7
github.com/iseeberg79/evccdb/rename.go:37.16,39.3 1 0
github.com/iseeberg79/evccdb/rename.go:40.2,44.16 3 7
github.com/iseeberg79/evccdb/rename.go:44.16,46.3 1 0
github.com/iseeberg79/evccdb/rename.go:47.2,49.36 2 7
github.com/iseeberg79/evccdb/rename.go:49.36,51.3 1 0
github.com/iseeberg79/evccdb/rename.go:53.2,53.20 1 7
github.com/iseeberg79/evccdb/rename.go:57.100,61.16 3 4
github.com/iseeberg79/evccdb/rename.go:61.16,63.3 1 0
github.com/iseeberg79/evccdb/rename.go:64.2,64.15 1 4
github.com/iseeberg79/evccdb/rename.go:64.15,64.36 1 4
github.com/iseeberg79/evccdb/rename.go:67.2,68.16 2 4
github.com/iseeberg79/evccdb/rename.go:68.16,70.3 1 0
github.com/iseeberg79/evccdb/rename.go:71.2,77.16 5 4
github.com/iseeberg79/evccdb/rename.go:77.16,79.3 1 0
github.com/iseeberg79/evccdb/rename.go:80.2,84.16 3 4
github.com/iseeberg79/evccdb/rename.go:84.16,86.3 1 0
github.com/iseeberg79/evccdb/rename.go:87.2,89.36 2 4
github.com/iseeberg79/evccdb/rename.go:89.36,91.3 1 0
github.com/iseeberg79/evccdb/rename.go:93.2,93.20 1 4
github.com/iseeberg79/evccdb/rename.go:97.114,101.16 2 11
github.com/iseeberg79/evccdb/rename.go:101.16,103.3 1 0
github.com/iseeberg79/evccdb/rename.go:104.2,105.27 2 11
github.com/iseeberg79/evccdb/rename.go:109.123,113.16 2 7
github.com/iseeberg79/evccdb/rename.go:113.16,115.3 1 0
github.com/iseeberg79/evccdb/rename.go:116.2,117.27 2 7
github.com/iseeberg79/evccdb/rename.go:121.112,124.16 2 4
github.com/iseeberg79/evccdb/rename.go:124.16,126.3 1 0
github.com/iseeberg79/evccdb/rename.go:127.2,127.15 1 4
github.com/iseeberg79/evccdb/rename.go:127.15,127.35 1 4
github.com/iseeberg79/evccdb/rename.go:129.2,134.18 3 4
github.com/iseeberg79/evccdb/rename.go:134.18,136.55 2 9
github.com/iseeberg79/evccdb/rename.go:136.55,138.4 1 0
github.com/iseeberg79/evccdb/rename.go:139.3,139.24 1 9
github.com/iseeberg79/evccdb/rename.go:141.2,141.35 1 4
github.com/iseeberg79/evccdb/rename.go:141.35,143.3 1 0
github.com/iseeberg79/evccdb/rename.go:146.2,146.25 1 4
github.com/iseeberg79/evccdb/rename.go:146.25,151.17 3 9
github.com/iseeberg79/evccdb/rename.go:151.17,153.4 1 0
github.com/iseeberg79/evccdb/rename.go:156.3,157.17 2 9
github.com/iseeberg79/evccdb/rename.go:157.17,159.4 1 0
github.com/iseeberg79/evccdb/rename.go:162.2,162.22 1 4
github.com/iseeberg79/evccdb/rename.go:166.122,169.16 2 11
github.com/iseeberg79/evccdb/rename.go:169.16,171.3 1 0
github.com/iseeberg79/evccdb/rename.go:172.2,172.15 1 11
github.com/iseeberg79/evccdb/rename.go:172.15,172.35 1 11
github.com/iseeberg79/evccdb/rename.go:174.2,179.18 3 11
github.com/iseeberg79/evccdb/rename.go:179.18,181.56 2 13
github.com/iseeberg79/evccdb/rename.go:181.56,183.4 1 0
github.com/iseeberg79/evccdb/rename.go:184.3,184.33 1 13
github.com/iseeberg79/evccdb/rename.go:186.2,186.35 1 11
github.com/iseeberg79/evccdb/rename.go:186.35,188.3 1 0
github.com/iseeberg79/evccdb/rename.go:190.2,191.30 2 11
github.com/iseeberg79/evccdb/rename.go:191.30,194.66 2 13
github.com/iseeberg79/evccdb/rename.go:194.66,196.55 1 1
github.com/iseeberg79/evccdb/rename.go:196.55,199.19 3 1
github.com/iseeberg79/evccdb/rename.go:199.19,201.6 1 0
github.com/iseeberg79/evccdb/rename.go:202.5,202.14 1 1
github.com/iseeberg79/evccdb/rename.go:204.4,204.12 1 1
github.com/iseeberg79/evccdb/rename.go:208.3,209.31 2 12
github.com/iseeberg79/evccdb/rename.go:209.31,210.12 1 4
github.com/iseeberg79/evccdb/rename.go:214.3,216.17 3 8
github.com/iseeberg79/evccdb/rename.go:216.17,218.4 1 0
github.com/iseeberg79/evccdb/rename.go:220.3,221.17 2 8
github.com/iseeberg79/evccdb/rename.go:221.17,223.4 1 0
github.com/iseeberg79/evccdb/rename.go:224.3,224.12 1 8
github.com/iseeberg79/evccdb/rename.go:227.2,227.21 1 11
github.com/iseeberg79/evccdb/rename.go:231.108,237.16 4 1
github.com/iseeberg79/evccdb/rename.go:237.16,239.3 1 0
github.com/iseeberg79/evccdb/rename.go:240.2,244.16 3 1
github.com/iseeberg79/evccdb/rename.go:244.16,246.3 1 0
github.com/iseeberg79/evccdb/rename.go:247.2,251.16 3 1
github.com/iseeberg79/evccdb/rename.go:251.16,253.3 1 0
github.com/iseeberg79/evccdb/rename.go:254.2,256.20 2 1
github.com/iseeberg79/evccdb/rename.go:260.106,266.16 4 1
github.com/iseeberg79/evccdb/rename.go:266.16,268.3 1 0
github.com/iseeberg79/evccdb/rename.go:269.2,274.16 4 1
github.com/iseeberg79/evccdb/rename.go:274.16,276.3 1 0
github.com/iseeberg79/evccdb/rename.go:277.2,281.16 3 1
github.com/iseeberg79/evccdb/rename.go:281.16,283.3 1 0
github.com/iseeberg79/evccdb/rename.go:284.2,286.20 2 1
github.com/iseeberg79/evccdb/rename.go:290.99,292.16 2 2
github.com/iseeberg79/evccdb/rename.go:292.16,294.3 1 0
github.com/iseeberg79/evccdb/rename.go:295.2,295.15 1 2
github.com/iseeberg79/evccdb/rename.go:295.15,295.35 1 2
github.com/iseeberg79/evccdb/rename.go:297.2,298.18 2 2
github.com/iseeberg79/evccdb/rename.go:298.18,300.43 2 2
github.com/iseeberg79/evccdb/rename.go:300.43,302.4 1 0
github.com/iseeberg79/evccdb/rename.go:305.3,306.62 2 2
github.com/iseeberg79/evccdb/rename.go:306.62,308.48 1 0
github.com/iseeberg79/evccdb/rename.go:308.48,310.5 1 0
github.com/iseeberg79/evccdb/rename.go:311.4,311.12 1 0
github.com/iseeberg79/evccdb/rename.go:314.3,314.56 1 2
github.com/iseeberg79/evccdb/rename.go:314.56,316.4 1 2
github.com/iseeberg79/evccdb/rename.go:319.2,319.26 1 2
github.com/iseeberg79/evccdb/rename.go:323.94,325.16 2 2
github.com/iseeberg79/evccdb/rename.go:325.16,327.3 1 0
github.com/iseeberg79/evccdb/rename.go:328.2,329.27 2 2
github.com/iseeberg79/evccdb/rename.go:333.90,335.16 2 1
github.com/iseeberg79/evccdb/rename.go:335.16,337.3 1 0
github.com/iseeberg79/evccdb/rename.go:338.2,339.27 2 1
github.com/iseeberg79/evccdb/rename.go:343.93,347.2 3 3
github.com/iseeberg79/evccdb/rename.go:350.89,354.2 3 2
github.com/iseeberg79/evccdb/transfer.go:11.82,13.16 2 5
github.com/iseeberg79/evccdb/transfer.go:13.16,15.3 1 0
github.com/iseeberg79/evccdb/transfer.go:17.2,17.17 1 5
github.com/iseeberg79/evccdb/transfer.go:17.17,19.32 2 1
github.com/iseeberg79/evccdb/transfer.go:19.32,21.18 2 3
github.com/iseeberg79/evccdb/transfer.go:21.18,23.5 1 0
github.com/iseeberg79/evccdb/transfer.go:24.4,24.15 1 3
github.com/iseeberg79/evccdb/transfer.go:24.15,26.13 2 0
github.com/iseeberg79/evccdb/transfer.go:29.4,30.18 2 3
github.com/iseeberg79/evccdb/transfer.go:30.18,32.5 1 0
github.com/iseeberg79/evccdb/transfer.go:33.4,33.47 1 3
github.com/iseeberg79/evccdb/transfer.go:37.3,37.48 1 1
github.com/iseeberg79/evccdb/transfer.go:37.48,39.18 2 0
github.com/iseeberg79/evccdb/transfer.go:39.18,41.5 1 0
github.com/iseeberg79/evccdb/transfer.go:42.4,43.86 1 0
github.com/iseeberg79/evccdb/transfer.go:46.3,46.46 1 1
github.com/iseeberg79/evccdb/transfer.go:46.46,48.18 2 0
github.com/iseeberg79/evccdb/transfer.go:48.18,50.5 1 0
github.com/iseeberg79/evccdb/transfer.go:51.4,52.86 1 0
github.com/iseeberg79/evccdb/transfer.go:55.3,55.13 1 1
github.com/iseeberg79/evccdb/transfer.go:59.2,60.16 2 4
github.com/iseeberg79/evccdb/transfer.go:60.16,62.3 1 0
github.com/iseeberg79/evccdb/transfer.go:63.2,63.15 1 4
github.com/iseeberg79/evccdb/transfer.go:63.15,63.36 1 4
github.com/iseeberg79/evccdb/transfer.go:65.2,65.31 1 4
github.com/iseeberg79/evccdb/transfer.go:65.31,67.17 2 15
github.com/iseeberg79/evccdb/transfer.go:67.17,69.4 1 0
github.com/iseeberg79/evccdb/transfer.go:70.3,70.14 1 15
github.com/iseeberg79/evccdb/transfer.go:70.14,72.12 2 0
github.com/iseeberg79/evccdb/transfer.go:75.3,76.17 2 15
github.com/iseeberg79/evccdb/transfer.go:76.17,78.4 1 0
github.com/iseeberg79/evccdb/transfer.go:80.3,80.29 1 15
github.com/iseeberg79/evccdb/transfer.go:80.29,82.4 1 0
github.com/iseeberg79/evccdb/transfer.go:85.2,85.36 1 4
github.com/iseeberg79/evccdb/transfer.go:85.36,87.3 1 0
github.com/iseeberg79/evccdb/transfer.go:90.2,90.47 1 4
github.com/iseeberg79/evccdb/transfer.go:90.47,91.85 1 1
github.com/iseeberg79/evccdb/transfer.go:91.85,93.4 1 0
github.com/iseeberg79/evccdb/transfer.go:96.2,96.45 1 4
github.com/iseeberg79/evccdb/transfer.go:96.45,97.83 1 0
github.com/iseeberg79/evccdb/transfer.go:97.83,99.4 1 0
github.com/iseeberg79/evccdb/transfer.go:102.2,102.12 1 4
github.com/iseeberg79/evccdb/transfer.go:108.49,111.16 2 15
github.com/iseeberg79/evccdb/transfer.go:111.16,113.3 1 0
github.com/iseeberg79/evccdb/transfer.go:115.2,116.16 2 15
github.com/iseeberg79/evccdb/transfer.go:116.16,118.3 1 0
github.com/iseeberg79/evccdb/transfer.go:121.2,122.26 2 15
github.com/iseeberg79/evccdb/transfer.go:122.26,124.3 1 0
github.com/iseeberg79/evccdb/transfer.go:127.2,128.30 2 15
github.com/iseeberg79/evccdb/transfer.go:128.30,130.3 1 81
github.com/iseeberg79/evccdb/transfer.go:131.2,132.30 2 15
github.com/iseeberg79/evccdb/transfer.go:132.30,134.3 1 82
github.com/iseeberg79/evccdb/transfer.go:136.2,136.30 1 15
github.com/iseeberg79/evccdb/transfer.go:136.30,137.27 1 81
github.com/iseeberg79/evccdb/transfer.go:137.27,139.4 1 0
github.com/iseeberg79/evccdb/transfer.go:143.2,144.16 2 15
github.com/iseeberg79/evccdb/transfer.go:144.16,146.3 1 0
github.com/iseeberg79/evccdb/transfer.go:148.2,148.16 1 15
github.com/iseeberg79/evccdb/transfer.go:148.16,150.3 1 7
github.com/iseeberg79/evccdb/transfer.go:153.2,155.33 3 8
github.com/iseeberg79/evccdb/transfer.go:155.33,158.3 2 57
github.com/iseeberg79/evccdb/transfer.go:161.2,162.16 2 8
github.com/iseeberg79/evccdb/transfer.go:162.16,164.3 1 0
github.com/iseeberg79/evccdb/transfer.go:165.2,165.15 1 8
github.com/iseeberg79/evccdb/transfer.go:165.15,165.38 1 8
github.com/iseeberg79/evccdb/transfer.go:167.2,168.21 2 8
github.com/iseeberg79/evccdb/transfer.go:168.21,171.27 3 34
github.com/iseeberg79/evccdb/transfer.go:171.27,173.4 1 228
github.com/iseeberg79/evccdb/transfer.go:175.3,175.51 1 34
github.com/iseeberg79/evccdb/transfer.go:175.51,177.4 1 0
github.com/iseeberg79/evccdb/transfer.go:180.3,181.31 2 34
github.com/iseeberg79/evccdb/transfer.go:181.31,183.4 1 228
github.com/iseeberg79/evccdb/transfer.go:185.3,189.17 3 34
github.com/iseeberg79/evccdb/transfer.go:189.17,191.4 1 0
github.com/iseeberg79/evccdb/transfer.go:193.3,193.11 1 34
github.com/iseeberg79/evccdb/transfer.go:196.2,196.30 1 8
github.com/iseeberg79/evccdb/transfer.go:200.59,202.26 2 18
github.com/iseeberg79/evccdb/transfer.go:202.26,204.3 1 89
github.com/iseeberg79/evccdb/transfer.go:206.2,207.26 2 18
github.com/iseeberg79/evccdb/transfer.go:207.26,208.44 1 88
github.com/iseeberg79/evccdb/transfer.go:208.44,210.4 1 87
github.com/iseeberg79/evccdb/transfer.go:212.2,212.15 1 18
github.com/iseeberg79/evccdb/transfer.go:216.88,218.16 2 0
github.com/iseeberg79/evccdb/transfer.go:218.16,220.3 1 0
github.com/iseeberg79/evccdb/transfer.go:221.2,221.15 1 0
github.com/iseeberg79/evccdb/transfer.go:221.15,221.36 1 0
github.com/iseeberg79/evccdb/transfer.go:223.2,223.31 1 0
github.com/iseeberg79/evccdb/transfer.go:223.31,225.17 2 0
github.com/iseeberg79/evccdb/transfer.go:225.17,227.4 1 0
github.com/iseeberg79/evccdb/transfer.go:230.2,230.20 1 0
